<?xml version="1.0" encoding="UTF-8"?>
<testng-results skipped="0" failed="0" ignored="0" total="1" passed="1">
  <reporter-output>
  </reporter-output>
  <suite name="Suite" duration-ms="12690" started-at="2020-02-24T06:23:34Z" finished-at="2020-02-24T06:23:46Z">
    <groups>
    </groups>
    <test name="Test" duration-ms="12690" started-at="2020-02-24T06:23:34Z" finished-at="2020-02-24T06:23:46Z">
      <class name="simpleTest">
        <test-method status="PASS" signature="sample()[pri:0, instance:simpleTest@32d2fa64]" name="sample" duration-ms="12644" started-at="2020-02-24T06:23:34Z" finished-at="2020-02-24T06:23:46Z">
          <reporter-output>
          </reporter-output>
        </test-method> <!-- sample -->
      </class> <!-- simpleTest -->
    </test> <!-- Test -->
  </suite> <!-- Suite -->
</testng-results>
